{"/Users/rdonnelly/cartrawler/shortlink/client/logic/createShortlink/createShortlink.js": {"path":"/Users/rdonnelly/cartrawler/shortlink/client/logic/createShortlink/createShortlink.js","statementMap":{"0":{"start":{"line":1,"column":31},"end":{"line":26,"column":4}},"1":{"start":{"line":2,"column":2},"end":{"line":26,"column":4}},"2":{"start":{"line":3,"column":4},"end":{"line":25,"column":9}},"3":{"start":{"line":12,"column":19},"end":{"line":12,"column":29}},"4":{"start":{"line":14,"column":8},"end":{"line":21,"column":9}},"5":{"start":{"line":15,"column":10},"end":{"line":15,"column":61}},"6":{"start":{"line":17,"column":24},"end":{"line":17,"column":52}},"7":{"start":{"line":18,"column":10},"end":{"line":18,"column":38}},"8":{"start":{"line":20,"column":10},"end":{"line":20,"column":24}},"9":{"start":{"line":24,"column":8},"end":{"line":24,"column":22}}},"fnMap":{"0":{"name":"(anonymous_0)","decl":{"start":{"line":1,"column":31},"end":{"line":1,"column":32}},"loc":{"start":{"line":2,"column":2},"end":{"line":26,"column":4}},"line":2},"1":{"name":"(anonymous_1)","decl":{"start":{"line":2,"column":14},"end":{"line":2,"column":15}},"loc":{"start":{"line":2,"column":35},"end":{"line":26,"column":3}},"line":2},"2":{"name":"(anonymous_2)","decl":{"start":{"line":12,"column":12},"end":{"line":12,"column":13}},"loc":{"start":{"line":12,"column":19},"end":{"line":12,"column":29}},"line":12},"3":{"name":"(anonymous_3)","decl":{"start":{"line":13,"column":12},"end":{"line":13,"column":13}},"loc":{"start":{"line":13,"column":19},"end":{"line":22,"column":7}},"line":13},"4":{"name":"(anonymous_4)","decl":{"start":{"line":23,"column":13},"end":{"line":23,"column":14}},"loc":{"start":{"line":23,"column":22},"end":{"line":25,"column":7}},"line":23}},"branchMap":{"0":{"loc":{"start":{"line":14,"column":8},"end":{"line":21,"column":9}},"type":"if","locations":[{"start":{"line":14,"column":8},"end":{"line":21,"column":9}},{"start":{"line":14,"column":8},"end":{"line":21,"column":9}}],"line":14}},"s":{"0":1,"1":3,"2":3,"3":2,"4":2,"5":1,"6":1,"7":1,"8":1,"9":0},"f":{"0":3,"1":3,"2":2,"3":2,"4":0},"b":{"0":[1,1]},"_coverageSchema":"43e27e138ebf9cfc5966b082cf9a028302ed4184","hash":"ca844a84be7f0497287911916ba80bcb039e87cc"}
}
